
> @magnus/web@ build /Users/chinyeosemene/Developer/Magnus-Flipper-AI-v1.0-pro/web
> next build

  ▲ Next.js 14.2.20
  - Environments: .env.local

   Creating an optimized production build ...
 ✓ Compiled successfully
   Skipping validation of types
   Skipping linting
   Collecting page data ...
   Generating static pages (0/5) ...
   Generating static pages (1/5) 
   Generating static pages (2/5) 
   Generating static pages (3/5) 
 ✓ Generating static pages (5/5)
   Finalizing page optimization ...
   Collecting build traces ...

Route (app)                              Size     First Load JS
┌ ○ /                                    1.59 kB         110 kB
├ ○ /_not-found                          875 B            88 kB
└ ○ /sniper/create                       4.75 kB        91.9 kB
+ First Load JS shared by all            87.1 kB
  ├ chunks/480-ef46412480d9927e.js       31.6 kB
  ├ chunks/524fc366-d8e0532f67ff13ca.js  53.7 kB
  └ other shared chunks (total)          1.85 kB


○  (Static)  prerendered as static content

